1*******06/10/83 ********  SPICE 2G.6    3/15/83 ********14:50:03*****

0SPICE DECK FOR OR FROM CRYSTAL                                                  

0****     INPUT LISTING                    TEMPERATURE =   27.000 DEG C

0***********************************************************************




 * CMOS DEVICE MODELS FOR WHAT WE THINK MOSIS LOOKS LIKE.
 * THESE MODELS INCLUDE VDD AND VBB DEFINITIONS. 

 .MODEL  N  NMOS LEVEL=2  VTO=1.0  LAMBDA=0.01   
 +  UO=475  PHI=0.5      
 +  CGSO=1.3E-10  CGDO=1.3E-10  CGBO=4.10E-10  RSH=40  CJ=6E-4   
 +  CJSW=4E-10  JS=3.5E-5  TOX=5.5E-8  NSUB=5E15 
 +  XJ=6E-7  LD=4E-7  UCRIT=8E4  UEXP=0.25  VMAX=5E4     
 +  MJ = 0.5 MJSW = 0.5 PB = 0.7 NEFF = 2.5      
         
 .MODEL  P  PMOS  LEVEL=2  VTO=-1.0 LAMBDA=0.01  
 +  UO=190  PHI=0.492    
 +  CGSO=1.3E-10  CGDO=1.3E-10  CGBO=4.10E-10  RSH=40  CJ=4.1E-4 
 +  CJSW=2.5E-10  JS=3.5E-5  TOX=5.5E-8  NSUB=3E14       
 +  XJ=6E-7  LD=4E-7  UCRIT=8E4  UEXP=0.25  VMAX=5E4     
 +  MJ = 0.5 MJSW = 0.5 PB = 0.7 NEFF = 2.5      
         
 .OPTIONS NOMOD  
 .WIDTH OUT=80   
 VDD 1 0 5       
         
 ** THE FOLLOWING LINES DEFINE A SIMPLE CIRCUIT.  TO     
 ** TRY OTHER CIRCUITS, REPLACE THE LINES BELOW WITH     
 ** NEW ONES.    
         
 M1 4 3 0 0 N L=4U W=4U  
 M2 4 3 1 1 P L=4U W=4U  
 M3 5 4 0 0 N L=4U W=4U  
 M4 1 4 5 1 P L=4U W=4U  
 C1 5 0 1P       
 C2 4 0 1P       
 VIN 3 0 PULSE(5 0 0NS 0NS 0NS)  
         
 .TRAN .5NS 100NS
 .PRINT TRAN V(3) V(4) V(5) (0,5)
         
 .END    
1*******06/10/83 ********  SPICE 2G.6    3/15/83 ********14:50:03*****

0SPICE DECK FOR OR FROM CRYSTAL                                                  

0****     INITIAL TRANSIENT SOLUTION       TEMPERATURE =   27.000 DEG C

0***********************************************************************


  NODE   VOLTAGE     NODE   VOLTAGE     NODE   VOLTAGE     NODE   VOLTAGE


 (  1)    5.0000    (  3)    5.0000    (  4)    0.0000    (  5)    5.0000





     VOLTAGE SOURCE CURRENTS

     NAME       CURRENT


     VDD      -1.387d-11

     VIN       0.   d+00


     TOTAL POWER DISSIPATION   6.93d-11  WATTS
1*******06/10/83 ********  SPICE 2G.6    3/15/83 ********14:50:03*****

0SPICE DECK FOR OR FROM CRYSTAL                                                  

0****     OPERATING POINT INFORMATION      TEMPERATURE =   27.000 DEG C

0***********************************************************************


0
0**** MOSFETS


0            M1        M2        M3        M4      
0MODEL     N         P         N         P       
 ID        6.89d-12 -1.93d-12  1.93d-12  6.18d-12
 VGS          5.000     0.        0.000    -5.000
 VDS          0.000    -5.000     5.000     0.000
 VBS          0.        0.        0.        0.000
1*******06/10/83 ********  SPICE 2G.6    3/15/83 ********14:50:03*****

0SPICE DECK FOR OR FROM CRYSTAL                                                  

0****     TRANSIENT ANALYSIS               TEMPERATURE =   27.000 DEG C

0***********************************************************************



     TIME       V(3)        V(4)        V(5)            
X
 
  0.   d+00     5.000d+00   6.143d-08   5.000d+00
  5.000d-10     1.388d-17  -1.093d-02   5.000d+00
  1.000d-09     0.   d+00   3.298d-02   5.000d+00
  1.500d-09     0.   d+00   7.735d-02   5.000d+00
  2.000d-09     0.   d+00   1.217d-01   5.001d+00
  2.500d-09     0.   d+00   1.660d-01   5.001d+00
  3.000d-09     0.   d+00   2.103d-01   5.001d+00
  3.500d-09     0.   d+00   2.546d-01   5.001d+00
  4.000d-09     0.   d+00   2.988d-01   5.001d+00
  4.500d-09     0.   d+00   3.431d-01   5.002d+00
  5.000d-09     0.   d+00   3.872d-01   5.002d+00
  5.500d-09     0.   d+00   4.314d-01   5.002d+00
  6.000d-09     0.   d+00   4.756d-01   5.002d+00
  6.500d-09     0.   d+00   5.197d-01   5.002d+00
  7.000d-09     0.   d+00   5.638d-01   5.002d+00
  7.500d-09     0.   d+00   6.079d-01   5.003d+00
  8.000d-09     0.   d+00   6.519d-01   5.003d+00
  8.500d-09     0.   d+00   6.960d-01   5.003d+00
  9.000d-09     0.   d+00   7.400d-01   5.003d+00
  9.500d-09     0.   d+00   7.840d-01   5.003d+00
  1.000d-08     0.   d+00   8.280d-01   5.003d+00
  1.050d-08     0.   d+00   8.720d-01   5.004d+00
  1.100d-08     0.   d+00   9.160d-01   5.004d+00
  1.150d-08     0.   d+00   9.600d-01   5.004d+00
  1.200d-08     0.   d+00   1.004d+00   5.004d+00
  1.250d-08     0.   d+00   1.048d+00   5.004d+00
  1.300d-08     0.   d+00   1.092d+00   5.004d+00
  1.350d-08     0.   d+00   1.136d+00   5.004d+00
  1.400d-08     0.   d+00   1.180d+00   5.003d+00
  1.450d-08     0.   d+00   1.224d+00   5.003d+00
  1.500d-08     0.   d+00   1.268d+00   5.002d+00
  1.550d-08     0.   d+00   1.311d+00   5.001d+00
  1.600d-08     0.   d+00   1.355d+00   5.000d+00
  1.650d-08     0.   d+00   1.399d+00   4.999d+00
  1.700d-08     0.   d+00   1.443d+00   4.997d+00
  1.750d-08     0.   d+00   1.486d+00   4.995d+00
  1.800d-08     0.   d+00   1.530d+00   4.993d+00
  1.850d-08     0.   d+00   1.574d+00   4.991d+00
  1.900d-08     0.   d+00   1.617d+00   4.988d+00
  1.950d-08     0.   d+00   1.661d+00   4.984d+00
  2.000d-08     0.   d+00   1.704d+00   4.981d+00
  2.050d-08     0.   d+00   1.748d+00   4.977d+00
  2.100d-08     0.   d+00   1.791d+00   4.972d+00
  2.150d-08     0.   d+00   1.834d+00   4.967d+00
  2.200d-08     0.   d+00   1.877d+00   4.961d+00
  2.250d-08     0.   d+00   1.920d+00   4.956d+00
  2.300d-08     0.   d+00   1.963d+00   4.948d+00
  2.350d-08     0.   d+00   2.005d+00   4.941d+00
  2.400d-08     0.   d+00   2.047d+00   4.933d+00
  2.450d-08     0.   d+00   2.089d+00   4.925d+00
  2.500d-08     0.   d+00   2.130d+00   4.916d+00
  2.550d-08     0.   d+00   2.172d+00   4.906d+00
  2.600d-08     0.   d+00   2.213d+00   4.896d+00
  2.650d-08     0.   d+00   2.254d+00   4.885d+00
  2.700d-08     0.   d+00   2.294d+00   4.873d+00
  2.750d-08     0.   d+00   2.334d+00   4.861d+00
  2.800d-08     0.   d+00   2.374d+00   4.849d+00
  2.850d-08     0.   d+00   2.413d+00   4.836d+00
  2.900d-08     0.   d+00   2.452d+00   4.821d+00
  2.950d-08     0.   d+00   2.491d+00   4.806d+00
  3.000d-08     0.   d+00   2.529d+00   4.791d+00
  3.050d-08     0.   d+00   2.568d+00   4.776d+00
  3.100d-08     0.   d+00   2.605d+00   4.759d+00
  3.150d-08     0.   d+00   2.642d+00   4.741d+00
  3.200d-08     0.   d+00   2.680d+00   4.724d+00
  3.250d-08     0.   d+00   2.717d+00   4.706d+00
  3.300d-08     0.   d+00   2.753d+00   4.686d+00
  3.350d-08     0.   d+00   2.789d+00   4.666d+00
  3.400d-08     0.   d+00   2.824d+00   4.646d+00
  3.450d-08     0.   d+00   2.860d+00   4.625d+00
  3.500d-08     0.   d+00   2.894d+00   4.602d+00
  3.550d-08     0.   d+00   2.929d+00   4.579d+00
  3.600d-08     0.   d+00   2.963d+00   4.556d+00
  3.650d-08     0.   d+00   2.997d+00   4.532d+00
  3.700d-08     0.   d+00   3.030d+00   4.506d+00
  3.750d-08     0.   d+00   3.063d+00   4.480d+00
  3.800d-08     0.   d+00   3.096d+00   4.453d+00
  3.850d-08     0.   d+00   3.128d+00   4.426d+00
  3.900d-08     0.   d+00   3.159d+00   4.397d+00
  3.950d-08     0.   d+00   3.191d+00   4.367d+00
  4.000d-08     0.   d+00   3.222d+00   4.338d+00
  4.050d-08     0.   d+00   3.253d+00   4.307d+00
  4.100d-08     0.   d+00   3.283d+00   4.274d+00
  4.150d-08     0.   d+00   3.312d+00   4.241d+00
  4.200d-08     0.   d+00   3.342d+00   4.208d+00
  4.250d-08     0.   d+00   3.371d+00   4.175d+00
  4.300d-08     0.   d+00   3.400d+00   4.138d+00
  4.350d-08     0.   d+00   3.428d+00   4.101d+00
  4.400d-08     0.   d+00   3.456d+00   4.065d+00
  4.450d-08     0.   d+00   3.484d+00   4.028d+00
  4.500d-08     0.   d+00   3.511d+00   3.988d+00
  4.550d-08     0.   d+00   3.538d+00   3.948d+00
  4.600d-08     0.   d+00   3.564d+00   3.908d+00
  4.650d-08     0.   d+00   3.591d+00   3.867d+00
  4.700d-08     0.   d+00   3.616d+00   3.824d+00
  4.750d-08     0.   d+00   3.641d+00   3.782d+00
  4.800d-08     0.   d+00   3.667d+00   3.739d+00
  4.850d-08     0.   d+00   3.691d+00   3.695d+00
  4.900d-08     0.   d+00   3.715d+00   3.649d+00
  4.950d-08     0.   d+00   3.739d+00   3.604d+00
  5.000d-08     0.   d+00   3.763d+00   3.558d+00
  5.050d-08     0.   d+00   3.786d+00   3.511d+00
  5.100d-08     0.   d+00   3.809d+00   3.463d+00
  5.150d-08     0.   d+00   3.831d+00   3.415d+00
  5.200d-08     0.   d+00   3.853d+00   3.366d+00
  5.250d-08     0.   d+00   3.875d+00   3.317d+00
  5.300d-08     0.   d+00   3.896d+00   3.266d+00
  5.350d-08     0.   d+00   3.917d+00   3.216d+00
  5.400d-08     0.   d+00   3.938d+00   3.165d+00
  5.450d-08     0.   d+00   3.959d+00   3.113d+00
  5.500d-08     0.   d+00   3.978d+00   3.060d+00
  5.550d-08     0.   d+00   3.998d+00   3.007d+00
  5.600d-08     0.   d+00   4.017d+00   2.954d+00
  5.650d-08     0.   d+00   4.037d+00   2.901d+00
  5.700d-08     0.   d+00   4.055d+00   2.846d+00
  5.750d-08     0.   d+00   4.073d+00   2.790d+00
  5.800d-08     0.   d+00   4.091d+00   2.735d+00
  5.850d-08     0.   d+00   4.109d+00   2.680d+00
  5.900d-08     0.   d+00   4.126d+00   2.623d+00
  5.950d-08     0.   d+00   4.144d+00   2.566d+00
  6.000d-08     0.   d+00   4.161d+00   2.509d+00
  6.050d-08     0.   d+00   4.177d+00   2.451d+00
  6.100d-08     0.   d+00   4.193d+00   2.392d+00
  6.150d-08     0.   d+00   4.209d+00   2.334d+00
  6.200d-08     0.   d+00   4.225d+00   2.275d+00
  6.250d-08     0.   d+00   4.241d+00   2.216d+00
  6.300d-08     0.   d+00   4.255d+00   2.155d+00
  6.350d-08     0.   d+00   4.270d+00   2.095d+00
  6.400d-08     0.   d+00   4.285d+00   2.034d+00
  6.450d-08     0.   d+00   4.299d+00   1.974d+00
  6.500d-08     0.   d+00   4.313d+00   1.914d+00
  6.550d-08     0.   d+00   4.327d+00   1.853d+00
  6.600d-08     0.   d+00   4.341d+00   1.793d+00
  6.650d-08     0.   d+00   4.354d+00   1.733d+00
  6.700d-08     0.   d+00   4.367d+00   1.676d+00
  6.750d-08     0.   d+00   4.380d+00   1.618d+00
  6.800d-08     0.   d+00   4.392d+00   1.561d+00
  6.850d-08     0.   d+00   4.405d+00   1.505d+00
  6.900d-08     0.   d+00   4.417d+00   1.451d+00
  6.950d-08     0.   d+00   4.429d+00   1.398d+00
  7.000d-08     0.   d+00   4.440d+00   1.345d+00
  7.050d-08     0.   d+00   4.452d+00   1.293d+00
  7.100d-08     0.   d+00   4.463d+00   1.245d+00
  7.150d-08     0.   d+00   4.474d+00   1.197d+00
  7.200d-08     0.   d+00   4.485d+00   1.149d+00
  7.250d-08     0.   d+00   4.495d+00   1.102d+00
  7.300d-08     0.   d+00   4.505d+00   1.059d+00
  7.350d-08     0.   d+00   4.515d+00   1.016d+00
  7.400d-08     0.   d+00   4.525d+00   9.725d-01
  7.450d-08     0.   d+00   4.535d+00   9.309d-01
  7.500d-08     0.   d+00   4.544d+00   8.931d-01
  7.550d-08     0.   d+00   4.554d+00   8.552d-01
  7.600d-08     0.   d+00   4.563d+00   8.174d-01
  7.650d-08     0.   d+00   4.572d+00   7.809d-01
  7.700d-08     0.   d+00   4.581d+00   7.481d-01
  7.750d-08     0.   d+00   4.589d+00   7.153d-01
  7.800d-08     0.   d+00   4.598d+00   6.825d-01
  7.850d-08     0.   d+00   4.606d+00   6.509d-01
  7.900d-08     0.   d+00   4.614d+00   6.228d-01
  7.950d-08     0.   d+00   4.622d+00   5.946d-01
  8.000d-08     0.   d+00   4.630d+00   5.665d-01
  8.050d-08     0.   d+00   4.637d+00   5.395d-01
  8.100d-08     0.   d+00   4.645d+00   5.156d-01
  8.150d-08     0.   d+00   4.652d+00   4.917d-01
  8.200d-08     0.   d+00   4.659d+00   4.678d-01
  8.250d-08     0.   d+00   4.666d+00   4.450d-01
  8.300d-08     0.   d+00   4.673d+00   4.249d-01
  8.350d-08     0.   d+00   4.680d+00   4.047d-01
  8.400d-08     0.   d+00   4.687d+00   3.846d-01
  8.450d-08     0.   d+00   4.693d+00   3.654d-01
  8.500d-08     0.   d+00   4.700d+00   3.486d-01
  8.550d-08     0.   d+00   4.706d+00   3.318d-01
  8.600d-08     0.   d+00   4.712d+00   3.150d-01
  8.650d-08     0.   d+00   4.718d+00   2.990d-01
  8.700d-08     0.   d+00   4.724d+00   2.851d-01
  8.750d-08     0.   d+00   4.730d+00   2.711d-01
  8.800d-08     0.   d+00   4.735d+00   2.572d-01
  8.850d-08     0.   d+00   4.741d+00   2.439d-01
  8.900d-08     0.   d+00   4.746d+00   2.324d-01
  8.950d-08     0.   d+00   4.752d+00   2.209d-01
  9.000d-08     0.   d+00   4.757d+00   2.093d-01
  9.050d-08     0.   d+00   4.762d+00   1.984d-01
  9.100d-08     0.   d+00   4.767d+00   1.889d-01
  9.150d-08     0.   d+00   4.772d+00   1.795d-01
  9.200d-08     0.   d+00   4.777d+00   1.700d-01
  9.250d-08     0.   d+00   4.781d+00   1.610d-01
  9.300d-08     0.   d+00   4.786d+00   1.533d-01
  9.350d-08     0.   d+00   4.790d+00   1.455d-01
  9.400d-08     0.   d+00   4.795d+00   1.378d-01
  9.450d-08     0.   d+00   4.799d+00   1.304d-01
  9.500d-08     0.   d+00   4.803d+00   1.241d-01
  9.550d-08     0.   d+00   4.808d+00   1.178d-01
  9.600d-08     0.   d+00   4.812d+00   1.115d-01
  9.650d-08     0.   d+00   4.816d+00   1.055d-01
  9.700d-08     0.   d+00   4.820d+00   1.003d-01
  9.750d-08     0.   d+00   4.823d+00   9.518d-02
  9.800d-08     0.   d+00   4.827d+00   9.004d-02
  9.850d-08     0.   d+00   4.831d+00   8.514d-02
  9.900d-08     0.   d+00   4.834d+00   8.090d-02
  9.950d-08     0.   d+00   4.838d+00   7.665d-02
  1.000d-07     0.   d+00   4.842d+00   7.241d-02
Y
0
         JOB CONCLUDED
0         TOTAL JOB TIME           17.45
