1*******11/05/83 ********  SPICE 2G.6    3/15/83 ********10:52:44*****

0GENERATE STATIC TRANSFER CURVE.                                                 

0****     INPUT LISTING                    TEMPERATURE =   27.000 DEG C

0***********************************************************************




 ** THE FOLLOWING LINES DEFINE THE NMOS MODELS AND VDD.  

 .MODEL E NMOS(VTO=.9 NSUB=2E15 TOX=.1U UO=800 XQC=.5    
  +LEVEL=2 VMAX=1E5 CGSO=245P CGDO=245P) 
 .MODEL D NMOS(VTO=-3.2 NSUB=2E15 TOX=.1U UO=800 XQC=.5  
  +LEVEL=2 VMAX=1E5 CGSO=245P CGDO=245P) 
 .OPTIONS NOMOD  
 .WIDTH OUT=80   
 VDD 1 0 5       
         
 ** THE FOLLOWING LINES DEFINE A SIMPLE CIRCUIT.  TO     
 ** TRY OTHER CIRCUITS, REPLACE THE LINES BELOW WITH     
 ** NEW ONES.    
         
 M1 3 2 0 0 E L=4U W=4U  
 M2 1 3 3 0 D L=16U W=4U 
 C1 3 0 .1PF     
 VIN 2 0 
 .DC VIN .1 5 .1 
 .PLOT DC V(2) V(3) (0,5)
         
 .END    
